# JRE version: OpenJDK Runtime Environment (8.0_242-b01) (build 1.8.0_242-release-1644-b01)
# Java VM: OpenJDK 64-Bit Server VM (25.242-b01 mixed mode windows-amd64 compressed oops)
Heap:
 PSYoungGen      total 663552K, used 250830K [0x00000000d5580000, 0x0000000100000000, 0x0000000100000000)
  eden space 631296K, 36% used [0x00000000d5580000,0x00000000e37788b8,0x00000000fbe00000)
  from space 32256K, 60% used [0x00000000fbe00000,0x00000000fd0fb000,0x00000000fdd80000)
  to   space 32768K, 0% used [0x00000000fe000000,0x00000000fe000000,0x0000000100000000)
 ParOldGen       total 146432K, used 74654K [0x0000000080000000, 0x0000000088f00000, 0x00000000d5580000)
  object space 146432K, 50% used [0x0000000080000000,0x00000000848e78c0,0x0000000088f00000)
 Metaspace       used 95793K, capacity 101016K, committed 101160K, reserved 1136640K
  class space    used 12403K, capacity 13339K, committed 13360K, reserved 1048576K
GC Heap History (10 events):
Event: 17.401 GC heap before
{Heap before GC invocations=19 (full 4):
 PSYoungGen      total 663040K, used 637959K [0x00000000d5580000, 0x00000000ffe00000, 0x0000000100000000)
  eden space 631296K, 100% used [0x00000000d5580000,0x00000000fbe00000,0x00000000fbe00000)
  from space 31744K, 20% used [0x00000000fdf00000,0x00000000fe581c40,0x00000000ffe00000)
  to   space 32768K, 0% used [0x00000000fbe00000,0x00000000fbe00000,0x00000000fde00000)
 ParOldGen       total 146432K, used 66674K [0x0000000080000000, 0x0000000088f00000, 0x00000000d5580000)
  object space 146432K, 45% used [0x0000000080000000,0x000000008411c9c8,0x0000000088f00000)
 Metaspace       used 79455K, capacity 83244K, committed 85288K, reserved 1122304K
  class space    used 10635K, capacity 11373K, committed 11824K, reserved 1048576K
Event: 17.413 GC heap after
Heap after GC invocations=19 (full 4):
 PSYoungGen      total 664064K, used 5608K [0x00000000d5580000, 0x0000000100000000, 0x0000000100000000)
  eden space 631296K, 0% used [0x00000000d5580000,0x00000000d5580000,0x00000000fbe00000)
  from space 32768K, 17% used [0x00000000fbe00000,0x00000000fc37a1c8,0x00000000fde00000)
  to   space 32256K, 0% used [0x00000000fe080000,0x00000000fe080000,0x0000000100000000)
 ParOldGen       total 146432K, used 71113K [0x0000000080000000, 0x0000000088f00000, 0x00000000d5580000)
  object space 146432K, 48% used [0x0000000080000000,0x00000000845726e8,0x0000000088f00000)
 Metaspace       used 79455K, capacity 83244K, committed 85288K, reserved 1122304K
  class space    used 10635K, capacity 11373K, committed 11824K, reserved 1048576K
}
Event: 19.464 GC heap before
{Heap before GC invocations=20 (full 4):
 PSYoungGen      total 664064K, used 636904K [0x00000000d5580000, 0x0000000100000000, 0x0000000100000000)
  eden space 631296K, 100% used [0x00000000d5580000,0x00000000fbe00000,0x00000000fbe00000)
  from space 32768K, 17% used [0x00000000fbe00000,0x00000000fc37a1c8,0x00000000fde00000)
  to   space 32256K, 0% used [0x00000000fe080000,0x00000000fe080000,0x0000000100000000)
 ParOldGen       total 146432K, used 71113K [0x0000000080000000, 0x0000000088f00000, 0x00000000d5580000)
  object space 146432K, 48% used [0x0000000080000000,0x00000000845726e8,0x0000000088f00000)
 Metaspace       used 85088K, capacity 88936K, committed 90920K, reserved 1128448K
  class space    used 11333K, capacity 12099K, committed 12592K, reserved 1048576K
Event: 19.502 GC heap after
Heap after GC invocations=20 (full 4):
 PSYoungGen      total 663552K, used 22155K [0x00000000d5580000, 0x0000000100000000, 0x0000000100000000)
  eden space 631296K, 0% used [0x00000000d5580000,0x00000000d5580000,0x00000000fbe00000)
  from space 32256K, 68% used [0x00000000fe080000,0x00000000ff622ce0,0x0000000100000000)
  to   space 33792K, 0% used [0x00000000fbe00000,0x00000000fbe00000,0x00000000fdf00000)
 ParOldGen       total 146432K, used 74630K [0x0000000080000000, 0x0000000088f00000, 0x00000000d5580000)
  object space 146432K, 50% used [0x0000000080000000,0x00000000848e18c0,0x0000000088f00000)
 Metaspace       used 85088K, capacity 88936K, committed 90920K, reserved 1128448K
  class space    used 11333K, capacity 12099K, committed 12592K, reserved 1048576K
}
Event: 21.396 GC heap before
{Heap before GC invocations=21 (full 4):
 PSYoungGen      total 663552K, used 653451K [0x00000000d5580000, 0x0000000100000000, 0x0000000100000000)
  eden space 631296K, 100% used [0x00000000d5580000,0x00000000fbe00000,0x00000000fbe00000)
  from space 32256K, 68% used [0x00000000fe080000,0x00000000ff622ce0,0x0000000100000000)
  to   space 33792K, 0% used [0x00000000fbe00000,0x00000000fbe00000,0x00000000fdf00000)
 ParOldGen       total 146432K, used 74630K [0x0000000080000000, 0x0000000088f00000, 0x00000000d5580000)
  object space 146432K, 50% used [0x0000000080000000,0x00000000848e18c0,0x0000000088f00000)
 Metaspace       used 86128K, capacity 90102K, committed 91688K, reserved 1128448K
  class space    used 11464K, capacity 12244K, committed 12592K, reserved 1048576K
Event: 21.423 GC heap after
Heap after GC invocations=21 (full 4):
 PSYoungGen      total 665088K, used 18859K [0x00000000d5580000, 0x0000000100000000, 0x0000000100000000)
  eden space 631296K, 0% used [0x00000000d5580000,0x00000000d5580000,0x00000000fbe00000)
  from space 33792K, 55% used [0x00000000fbe00000,0x00000000fd06ad68,0x00000000fdf00000)
  to   space 33792K, 0% used [0x00000000fdf00000,0x00000000fdf00000,0x0000000100000000)
 ParOldGen       total 146432K, used 74638K [0x0000000080000000, 0x0000000088f00000, 0x00000000d5580000)
  object space 146432K, 50% used [0x0000000080000000,0x00000000848e38c0,0x0000000088f00000)
 Metaspace       used 86128K, capacity 90102K, committed 91688K, reserved 1128448K
  class space    used 11464K, capacity 12244K, committed 12592K, reserved 1048576K
}
Event: 25.382 GC heap before
{Heap before GC invocations=22 (full 4):
 PSYoungGen      total 665088K, used 650155K [0x00000000d5580000, 0x0000000100000000, 0x0000000100000000)
  eden space 631296K, 100% used [0x00000000d5580000,0x00000000fbe00000,0x00000000fbe00000)
  from space 33792K, 55% used [0x00000000fbe00000,0x00000000fd06ad68,0x00000000fdf00000)
  to   space 33792K, 0% used [0x00000000fdf00000,0x00000000fdf00000,0x0000000100000000)
 ParOldGen       total 146432K, used 74638K [0x0000000080000000, 0x0000000088f00000, 0x00000000d5580000)
  object space 146432K, 50% used [0x0000000080000000,0x00000000848e38c0,0x0000000088f00000)
 Metaspace       used 88738K, capacity 93010K, committed 94120K, reserved 1130496K
  class space    used 11851K, capacity 12652K, committed 12976K, reserved 1048576K
Event: 25.390 GC heap after
Heap after GC invocations=22 (full 4):
 PSYoungGen      total 662016K, used 11016K [0x00000000d5580000, 0x00000000ffd00000, 0x0000000100000000)
  eden space 631296K, 0% used [0x00000000d5580000,0x00000000d5580000,0x00000000fbe00000)
  from space 30720K, 35% used [0x00000000fdf00000,0x00000000fe9c2100,0x00000000ffd00000)
  to   space 32256K, 0% used [0x00000000fbe00000,0x00000000fbe00000,0x00000000fdd80000)
 ParOldGen       total 146432K, used 74646K [0x0000000080000000, 0x0000000088f00000, 0x00000000d5580000)
  object space 146432K, 50% used [0x0000000080000000,0x00000000848e58c0,0x0000000088f00000)
 Metaspace       used 88738K, capacity 93010K, committed 94120K, reserved 1130496K
  class space    used 11851K, capacity 12652K, committed 12976K, reserved 1048576K
}
Event: 804.058 GC heap before
{Heap before GC invocations=23 (full 4):
 PSYoungGen      total 662016K, used 642312K [0x00000000d5580000, 0x00000000ffd00000, 0x0000000100000000)
  eden space 631296K, 100% used [0x00000000d5580000,0x00000000fbe00000,0x00000000fbe00000)
  from space 30720K, 35% used [0x00000000fdf00000,0x00000000fe9c2100,0x00000000ffd00000)
  to   space 32256K, 0% used [0x00000000fbe00000,0x00000000fbe00000,0x00000000fdd80000)
 ParOldGen       total 146432K, used 74646K [0x0000000080000000, 0x0000000088f00000, 0x00000000d5580000)
  object space 146432K, 50% used [0x0000000080000000,0x00000000848e58c0,0x0000000088f00000)
 Metaspace       used 95191K, capacity 100344K, committed 100648K, reserved 1136640K
  class space    used 12378K, capacity 13295K, committed 13360K, reserved 1048576K
Event: 804.081 GC heap after
Heap after GC invocations=23 (full 4):
 PSYoungGen      total 663552K, used 19436K [0x00000000d5580000, 0x0000000100000000, 0x0000000100000000)
  eden space 631296K, 0% used [0x00000000d5580000,0x00000000d5580000,0x00000000fbe00000)
  from space 32256K, 60% used [0x00000000fbe00000,0x00000000fd0fb000,0x00000000fdd80000)
  to   space 32768K, 0% used [0x00000000fe000000,0x00000000fe000000,0x0000000100000000)
 ParOldGen       total 146432K, used 74654K [0x0000000080000000, 0x0000000088f00000, 0x00000000d5580000)
  object space 146432K, 50% used [0x0000000080000000,0x00000000848e78c0,0x0000000088f00000)
 Metaspace       used 95191K, capacity 100344K, committed 100648K, reserved 1136640K
  class space    used 12378K, capacity 13295K, committed 13360K, reserved 1048576K
}

